

Microchip Technology PIC LITE Macro Assembler V2.00 build -1524193055 
                                                                                               Sat Sep 22 18:35:17 2018

Microchip Technology Omniscient Code Generator v2.00 (Free mode) build 20180527130849
     1  0000                     
      + 0000                     
     2                           ; Version 2.00
     3                           ; Generated 27/05/2018 GMT
     4                           
     5                           ; 
     6                           ; Copyright © 2018, Microchip Technology Inc. and its subsidiaries ("Microchip")
     7                           ; All rights reserved.
     8                           ; 
     9                           ; This software is developed by Microchip Technology Inc. and its subsidiaries ("Microch
                                 ip").
    10                           ; 
    11                           ; Redistribution and use in source and binary forms, with or without modification, are
    12                           ; permitted provided that the following conditions are met:
    13                           ; 
    14                           ;     1. Redistributions of source code must retain the above copyright notice, this lis
                                 t of
    15                           ;        conditions and the following disclaimer.
    16                           ; 
    17                           ;     2. Redistributions in binary form must reproduce the above copyright notice, this 
                                 list
    18                           ;        of conditions and the following disclaimer in the documentation and/or other
    19                           ;        materials provided with the distribution.
    20                           ; 
    21                           ;     3. Microchip's name may not be used to endorse or promote products derived from th
                                 is
    22                           ;        software without specific prior written permission.
    23                           ; 
    24                           ; THIS SOFTWARE IS PROVIDED BY MICROCHIP "AS IS" AND ANY EXPRESS OR IMPLIED WARRANTIES,

    25                           ; INCLUDING, BUT NOT LIMITED TO, THE IMPLIED WARRANTIES OF MERCHANTABILITY AND FITNESS F
                                 OR
    26                           ; PURPOSE ARE DISCLAIMED.  IN NO EVENT SHALL MICROCHIP BE LIABLE FOR ANY DIRECT, INDIREC
                                 T,
    27                           ; INCIDENTAL, SPECIAL, EXEMPLARY, OR CONSEQUENTIAL DAMAGES (INCLUDING BUT NOT LIMITED TO
                                 
    28                           ; PROCUREMENT OF SUBSTITUTE GOODS OR SERVICES; LOSS OF USE, DATA OR PROFITS; OR BUSINESS
                                 
    29                           ; INTERRUPTION) HOWSOEVER CAUSED AND ON ANY THEORY OF LIABILITY, WHETHER IN CONTRACT, ST
                                 RICT
    30                           ; LIABILITY, OR TORT (INCLUDING NEGLIGENCE OR OTHERWISE) ARISING IN ANY WAY OUT OF THE U
                                 SE OF
    31                           ; THIS SOFTWARE, EVEN IF ADVISED OF THE POSSIBILITY OF SUCH DAMAGE.
    32                           ; 
    33                           
    34                           
    35                           ; 
    36                           ; Code-generator required, PIC12F683 Definitions
    37                           ; 
    38  0004                     fsr0 equ 04h
    39  0004                     indf equ 00h
    40  0000                     indf0 equ 00h
    41  0000                     pc equ 02h
    42  0002                     pcl equ 02h
    43  0002                     pclath equ 0Ah
    44  000A                     status equ 03h
    45  0003                     
     2                           opt pagewidth 120
     3  0000                     byte0	macro	val
     4                           	(getbyte(val,0))
     5                           endm
     6  0000                     byte1	macro	val
     7                           	(getbyte(val,1))
     8                           endm
     9  0000                     byte2	macro	val
    10                           	(getbyte(val,2))
    11                           endm
    12  0000                     byte3	macro	val
    13                           	(getbyte(val,3))
    14                           endm
    15  0000                     byte4	macro	val
    16                           	(getbyte(val,4))
    17                           endm
    18  0000                     byte5	macro	val
    19                           	(getbyte(val,5))
    20                           endm
    21  0000                     byte6	macro	val
    22                           	(getbyte(val,6))
    23                           endm
    24  0000                     byte7	macro	val
    25                           	(getbyte(val,7))
    26                           endm
    27  0000                     getword	macro	val,pos
    28                           	(((val) >> (8 * pos)) and 0xffff)
    29                           endm
    30  0000                     word0	macro	val
    31                           	(getword(val,0))
    32                           endm
    33  0000                     word1	macro	val
    34                           	(getword(val,2))
    35                           endm
    36  0000                     word2	macro	val
    37                           	(getword(val,4))
    38                           endm
    39  0000                     word3	macro	val
    40                           	(getword(val,6))
    41                           endm
    42  0000                     gettword	macro	val,pos
    43                           	(((val) >> (8 * pos)) and 0xffffff)
    44                           endm
    45  0000                     tword0	macro	val
    46                           	(gettword(val,0))
    47                           endm
    48  0000                     tword1	macro	val
    49                           	(gettword(val,3))
    50                           endm
    51  0000                     tword2	macro	val
    52                           	(gettword(val,6))
    53                           endm
    54  0000                     getdword	macro	val,pos
    55                           	(((val) >> (8 * pos)) and 0xffffffff)
    56                           endm
    57  0000                     dword0	macro	val
    58                           	(getdword(val,0))
    59                           endm
    60  0000                     dword1	macro	val
    61                           	(getdword(val,4))
    62                           endm
    63  0000                     clrc	macro
    64                           	bcf	3,0
    65                           	endm
    66  0000                     clrz	macro
    67                           	bcf	3,2
    68                           	endm
    69  0000                     setc	macro
    70                           	bsf	3,0
    71                           	endm
    72  0000                     setz	macro
    73                           	bsf	3,2
    74                           	endm
    75  0000                     skipc	macro
    76                           	btfss	3,0
    77                           	endm
    78  0000                     skipz	macro
    79                           	btfss	3,2
    80                           	endm
    81  0000                     skipnc	macro
    82                           	btfsc	3,0
    83                           	endm
    84  0000                     skipnz	macro
    85                           	btfsc	3,2
    86                           	endm
    87  0000                     # 54 "C:\Program Files (x86)\Microchip\xc8\v2.00\pic\include\pic12f683.h"
    88                           INDF equ 00h ;# 
    89  0000                     # 61 "C:\Program Files (x86)\Microchip\xc8\v2.00\pic\include\pic12f683.h"
    90                           TMR0 equ 01h ;# 
    91  0001                     # 68 "C:\Program Files (x86)\Microchip\xc8\v2.00\pic\include\pic12f683.h"
    92                           PCL equ 02h ;# 
    93  0002                     # 75 "C:\Program Files (x86)\Microchip\xc8\v2.00\pic\include\pic12f683.h"
    94                           STATUS equ 03h ;# 
    95  0003                     # 161 "C:\Program Files (x86)\Microchip\xc8\v2.00\pic\include\pic12f683.h"
    96                           FSR equ 04h ;# 
    97  0004                     # 168 "C:\Program Files (x86)\Microchip\xc8\v2.00\pic\include\pic12f683.h"
    98                           GPIO equ 05h ;# 
    99  0005                     # 218 "C:\Program Files (x86)\Microchip\xc8\v2.00\pic\include\pic12f683.h"
   100                           PCLATH equ 0Ah ;# 
   101  000A                     # 238 "C:\Program Files (x86)\Microchip\xc8\v2.00\pic\include\pic12f683.h"
   102                           INTCON equ 0Bh ;# 
   103  000B                     # 316 "C:\Program Files (x86)\Microchip\xc8\v2.00\pic\include\pic12f683.h"
   104                           PIR1 equ 0Ch ;# 
   105  000C                     # 387 "C:\Program Files (x86)\Microchip\xc8\v2.00\pic\include\pic12f683.h"
   106                           TMR1 equ 0Eh ;# 
   107  000E                     # 394 "C:\Program Files (x86)\Microchip\xc8\v2.00\pic\include\pic12f683.h"
   108                           TMR1L equ 0Eh ;# 
   109  000E                     # 401 "C:\Program Files (x86)\Microchip\xc8\v2.00\pic\include\pic12f683.h"
   110                           TMR1H equ 0Fh ;# 
   111  000F                     # 408 "C:\Program Files (x86)\Microchip\xc8\v2.00\pic\include\pic12f683.h"
   112                           T1CON equ 010h ;# 
   113  0010                     # 485 "C:\Program Files (x86)\Microchip\xc8\v2.00\pic\include\pic12f683.h"
   114                           TMR2 equ 011h ;# 
   115  0011                     # 492 "C:\Program Files (x86)\Microchip\xc8\v2.00\pic\include\pic12f683.h"
   116                           T2CON equ 012h ;# 
   117  0012                     # 563 "C:\Program Files (x86)\Microchip\xc8\v2.00\pic\include\pic12f683.h"
   118                           CCPR1 equ 013h ;# 
   119  0013                     # 570 "C:\Program Files (x86)\Microchip\xc8\v2.00\pic\include\pic12f683.h"
   120                           CCPR1L equ 013h ;# 
   121  0013                     # 577 "C:\Program Files (x86)\Microchip\xc8\v2.00\pic\include\pic12f683.h"
   122                           CCPR1H equ 014h ;# 
   123  0014                     # 584 "C:\Program Files (x86)\Microchip\xc8\v2.00\pic\include\pic12f683.h"
   124                           CCP1CON equ 015h ;# 
   125  0015                     # 648 "C:\Program Files (x86)\Microchip\xc8\v2.00\pic\include\pic12f683.h"
   126                           WDTCON equ 018h ;# 
   127  0018                     # 701 "C:\Program Files (x86)\Microchip\xc8\v2.00\pic\include\pic12f683.h"
   128                           CMCON0 equ 019h ;# 
   129  0019                     # 760 "C:\Program Files (x86)\Microchip\xc8\v2.00\pic\include\pic12f683.h"
   130                           CMCON1 equ 01Ah ;# 
   131  001A                     # 786 "C:\Program Files (x86)\Microchip\xc8\v2.00\pic\include\pic12f683.h"
   132                           ADRESH equ 01Eh ;# 
   133  001E                     # 793 "C:\Program Files (x86)\Microchip\xc8\v2.00\pic\include\pic12f683.h"
   134                           ADCON0 equ 01Fh ;# 
   135  001F                     # 883 "C:\Program Files (x86)\Microchip\xc8\v2.00\pic\include\pic12f683.h"
   136                           OPTION_REG equ 081h ;# 
   137  0081                     # 953 "C:\Program Files (x86)\Microchip\xc8\v2.00\pic\include\pic12f683.h"
   138                           TRISIO equ 085h ;# 
   139  0085                     # 1003 "C:\Program Files (x86)\Microchip\xc8\v2.00\pic\include\pic12f683.h"
   140                           PIE1 equ 08Ch ;# 
   141  008C                     # 1074 "C:\Program Files (x86)\Microchip\xc8\v2.00\pic\include\pic12f683.h"
   142                           PCON equ 08Eh ;# 
   143  008E                     # 1113 "C:\Program Files (x86)\Microchip\xc8\v2.00\pic\include\pic12f683.h"
   144                           OSCCON equ 08Fh ;# 
   145  008F                     # 1178 "C:\Program Files (x86)\Microchip\xc8\v2.00\pic\include\pic12f683.h"
   146                           OSCTUNE equ 090h ;# 
   147  0090                     # 1230 "C:\Program Files (x86)\Microchip\xc8\v2.00\pic\include\pic12f683.h"
   148                           PR2 equ 092h ;# 
   149  0092                     # 1237 "C:\Program Files (x86)\Microchip\xc8\v2.00\pic\include\pic12f683.h"
   150                           WPU equ 095h ;# 
   151  0095                     # 1242 "C:\Program Files (x86)\Microchip\xc8\v2.00\pic\include\pic12f683.h"
   152                           WPUA equ 095h ;# 
   153  0095                     # 1391 "C:\Program Files (x86)\Microchip\xc8\v2.00\pic\include\pic12f683.h"
   154                           IOC equ 096h ;# 
   155  0096                     # 1396 "C:\Program Files (x86)\Microchip\xc8\v2.00\pic\include\pic12f683.h"
   156                           IOCA equ 096h ;# 
   157  0096                     # 1565 "C:\Program Files (x86)\Microchip\xc8\v2.00\pic\include\pic12f683.h"
   158                           VRCON equ 099h ;# 
   159  0099                     # 1625 "C:\Program Files (x86)\Microchip\xc8\v2.00\pic\include\pic12f683.h"
   160                           EEDAT equ 09Ah ;# 
   161  009A                     # 1630 "C:\Program Files (x86)\Microchip\xc8\v2.00\pic\include\pic12f683.h"
   162                           EEDATA equ 09Ah ;# 
   163  009A                     # 1663 "C:\Program Files (x86)\Microchip\xc8\v2.00\pic\include\pic12f683.h"
   164                           EEADR equ 09Bh ;# 
   165  009B                     # 1670 "C:\Program Files (x86)\Microchip\xc8\v2.00\pic\include\pic12f683.h"
   166                           EECON1 equ 09Ch ;# 
   167  009C                     # 1708 "C:\Program Files (x86)\Microchip\xc8\v2.00\pic\include\pic12f683.h"
   168                           EECON2 equ 09Dh ;# 
   169  009D                     # 1715 "C:\Program Files (x86)\Microchip\xc8\v2.00\pic\include\pic12f683.h"
   170                           ADRESL equ 09Eh ;# 
   171  009E                     # 1722 "C:\Program Files (x86)\Microchip\xc8\v2.00\pic\include\pic12f683.h"
   172                           ANSEL equ 09Fh ;# 
   173  009F                     # 54 "C:\Program Files (x86)\Microchip\xc8\v2.00\pic\include\pic12f683.h"
   174                           INDF equ 00h ;# 
   175  0000                     # 61 "C:\Program Files (x86)\Microchip\xc8\v2.00\pic\include\pic12f683.h"
   176                           TMR0 equ 01h ;# 
   177  0001                     # 68 "C:\Program Files (x86)\Microchip\xc8\v2.00\pic\include\pic12f683.h"
   178                           PCL equ 02h ;# 
   179  0002                     # 75 "C:\Program Files (x86)\Microchip\xc8\v2.00\pic\include\pic12f683.h"
   180                           STATUS equ 03h ;# 
   181  0003                     # 161 "C:\Program Files (x86)\Microchip\xc8\v2.00\pic\include\pic12f683.h"
   182                           FSR equ 04h ;# 
   183  0004                     # 168 "C:\Program Files (x86)\Microchip\xc8\v2.00\pic\include\pic12f683.h"
   184                           GPIO equ 05h ;# 
   185  0005                     # 218 "C:\Program Files (x86)\Microchip\xc8\v2.00\pic\include\pic12f683.h"
   186                           PCLATH equ 0Ah ;# 
   187  000A                     # 238 "C:\Program Files (x86)\Microchip\xc8\v2.00\pic\include\pic12f683.h"
   188                           INTCON equ 0Bh ;# 
   189  000B                     # 316 "C:\Program Files (x86)\Microchip\xc8\v2.00\pic\include\pic12f683.h"
   190                           PIR1 equ 0Ch ;# 
   191  000C                     # 387 "C:\Program Files (x86)\Microchip\xc8\v2.00\pic\include\pic12f683.h"
   192                           TMR1 equ 0Eh ;# 
   193  000E                     # 394 "C:\Program Files (x86)\Microchip\xc8\v2.00\pic\include\pic12f683.h"
   194                           TMR1L equ 0Eh ;# 
   195  000E                     # 401 "C:\Program Files (x86)\Microchip\xc8\v2.00\pic\include\pic12f683.h"
   196                           TMR1H equ 0Fh ;# 
   197  000F                     # 408 "C:\Program Files (x86)\Microchip\xc8\v2.00\pic\include\pic12f683.h"
   198                           T1CON equ 010h ;# 
   199  0010                     # 485 "C:\Program Files (x86)\Microchip\xc8\v2.00\pic\include\pic12f683.h"
   200                           TMR2 equ 011h ;# 
   201  0011                     # 492 "C:\Program Files (x86)\Microchip\xc8\v2.00\pic\include\pic12f683.h"
   202                           T2CON equ 012h ;# 
   203  0012                     # 563 "C:\Program Files (x86)\Microchip\xc8\v2.00\pic\include\pic12f683.h"
   204                           CCPR1 equ 013h ;# 
   205  0013                     # 570 "C:\Program Files (x86)\Microchip\xc8\v2.00\pic\include\pic12f683.h"
   206                           CCPR1L equ 013h ;# 
   207  0013                     # 577 "C:\Program Files (x86)\Microchip\xc8\v2.00\pic\include\pic12f683.h"
   208                           CCPR1H equ 014h ;# 
   209  0014                     # 584 "C:\Program Files (x86)\Microchip\xc8\v2.00\pic\include\pic12f683.h"
   210                           CCP1CON equ 015h ;# 
   211  0015                     # 648 "C:\Program Files (x86)\Microchip\xc8\v2.00\pic\include\pic12f683.h"
   212                           WDTCON equ 018h ;# 
   213  0018                     # 701 "C:\Program Files (x86)\Microchip\xc8\v2.00\pic\include\pic12f683.h"
   214                           CMCON0 equ 019h ;# 
   215  0019                     # 760 "C:\Program Files (x86)\Microchip\xc8\v2.00\pic\include\pic12f683.h"
   216                           CMCON1 equ 01Ah ;# 
   217  001A                     # 786 "C:\Program Files (x86)\Microchip\xc8\v2.00\pic\include\pic12f683.h"
   218                           ADRESH equ 01Eh ;# 
   219  001E                     # 793 "C:\Program Files (x86)\Microchip\xc8\v2.00\pic\include\pic12f683.h"
   220                           ADCON0 equ 01Fh ;# 
   221  001F                     # 883 "C:\Program Files (x86)\Microchip\xc8\v2.00\pic\include\pic12f683.h"
   222                           OPTION_REG equ 081h ;# 
   223  0081                     # 953 "C:\Program Files (x86)\Microchip\xc8\v2.00\pic\include\pic12f683.h"
   224                           TRISIO equ 085h ;# 
   225  0085                     # 1003 "C:\Program Files (x86)\Microchip\xc8\v2.00\pic\include\pic12f683.h"
   226                           PIE1 equ 08Ch ;# 
   227  008C                     # 1074 "C:\Program Files (x86)\Microchip\xc8\v2.00\pic\include\pic12f683.h"
   228                           PCON equ 08Eh ;# 
   229  008E                     # 1113 "C:\Program Files (x86)\Microchip\xc8\v2.00\pic\include\pic12f683.h"
   230                           OSCCON equ 08Fh ;# 
   231  008F                     # 1178 "C:\Program Files (x86)\Microchip\xc8\v2.00\pic\include\pic12f683.h"
   232                           OSCTUNE equ 090h ;# 
   233  0090                     # 1230 "C:\Program Files (x86)\Microchip\xc8\v2.00\pic\include\pic12f683.h"
   234                           PR2 equ 092h ;# 
   235  0092                     # 1237 "C:\Program Files (x86)\Microchip\xc8\v2.00\pic\include\pic12f683.h"
   236                           WPU equ 095h ;# 
   237  0095                     # 1242 "C:\Program Files (x86)\Microchip\xc8\v2.00\pic\include\pic12f683.h"
   238                           WPUA equ 095h ;# 
   239  0095                     # 1391 "C:\Program Files (x86)\Microchip\xc8\v2.00\pic\include\pic12f683.h"
   240                           IOC equ 096h ;# 
   241  0096                     # 1396 "C:\Program Files (x86)\Microchip\xc8\v2.00\pic\include\pic12f683.h"
   242                           IOCA equ 096h ;# 
   243  0096                     # 1565 "C:\Program Files (x86)\Microchip\xc8\v2.00\pic\include\pic12f683.h"
   244                           VRCON equ 099h ;# 
   245  0099                     # 1625 "C:\Program Files (x86)\Microchip\xc8\v2.00\pic\include\pic12f683.h"
   246                           EEDAT equ 09Ah ;# 
   247  009A                     # 1630 "C:\Program Files (x86)\Microchip\xc8\v2.00\pic\include\pic12f683.h"
   248                           EEDATA equ 09Ah ;# 
   249  009A                     # 1663 "C:\Program Files (x86)\Microchip\xc8\v2.00\pic\include\pic12f683.h"
   250                           EEADR equ 09Bh ;# 
   251  009B                     # 1670 "C:\Program Files (x86)\Microchip\xc8\v2.00\pic\include\pic12f683.h"
   252                           EECON1 equ 09Ch ;# 
   253  009C                     # 1708 "C:\Program Files (x86)\Microchip\xc8\v2.00\pic\include\pic12f683.h"
   254                           EECON2 equ 09Dh ;# 
   255  009D                     # 1715 "C:\Program Files (x86)\Microchip\xc8\v2.00\pic\include\pic12f683.h"
   256                           ADRESL equ 09Eh ;# 
   257  009E                     # 1722 "C:\Program Files (x86)\Microchip\xc8\v2.00\pic\include\pic12f683.h"
   258                           ANSEL equ 09Fh ;# 
   259  009F                     # 54 "C:\Program Files (x86)\Microchip\xc8\v2.00\pic\include\pic12f683.h"
   260                           INDF equ 00h ;# 
   261  0000                     # 61 "C:\Program Files (x86)\Microchip\xc8\v2.00\pic\include\pic12f683.h"
   262                           TMR0 equ 01h ;# 
   263  0001                     # 68 "C:\Program Files (x86)\Microchip\xc8\v2.00\pic\include\pic12f683.h"
   264                           PCL equ 02h ;# 
   265  0002                     # 75 "C:\Program Files (x86)\Microchip\xc8\v2.00\pic\include\pic12f683.h"
   266                           STATUS equ 03h ;# 
   267  0003                     # 161 "C:\Program Files (x86)\Microchip\xc8\v2.00\pic\include\pic12f683.h"
   268                           FSR equ 04h ;# 
   269  0004                     # 168 "C:\Program Files (x86)\Microchip\xc8\v2.00\pic\include\pic12f683.h"
   270                           GPIO equ 05h ;# 
   271  0005                     # 218 "C:\Program Files (x86)\Microchip\xc8\v2.00\pic\include\pic12f683.h"
   272                           PCLATH equ 0Ah ;# 
   273  000A                     # 238 "C:\Program Files (x86)\Microchip\xc8\v2.00\pic\include\pic12f683.h"
   274                           INTCON equ 0Bh ;# 
   275  000B                     # 316 "C:\Program Files (x86)\Microchip\xc8\v2.00\pic\include\pic12f683.h"
   276                           PIR1 equ 0Ch ;# 
   277  000C                     # 387 "C:\Program Files (x86)\Microchip\xc8\v2.00\pic\include\pic12f683.h"
   278                           TMR1 equ 0Eh ;# 
   279  000E                     # 394 "C:\Program Files (x86)\Microchip\xc8\v2.00\pic\include\pic12f683.h"
   280                           TMR1L equ 0Eh ;# 
   281  000E                     # 401 "C:\Program Files (x86)\Microchip\xc8\v2.00\pic\include\pic12f683.h"
   282                           TMR1H equ 0Fh ;# 
   283  000F                     # 408 "C:\Program Files (x86)\Microchip\xc8\v2.00\pic\include\pic12f683.h"
   284                           T1CON equ 010h ;# 
   285  0010                     # 485 "C:\Program Files (x86)\Microchip\xc8\v2.00\pic\include\pic12f683.h"
   286                           TMR2 equ 011h ;# 
   287  0011                     # 492 "C:\Program Files (x86)\Microchip\xc8\v2.00\pic\include\pic12f683.h"
   288                           T2CON equ 012h ;# 
   289  0012                     # 563 "C:\Program Files (x86)\Microchip\xc8\v2.00\pic\include\pic12f683.h"
   290                           CCPR1 equ 013h ;# 
   291  0013                     # 570 "C:\Program Files (x86)\Microchip\xc8\v2.00\pic\include\pic12f683.h"
   292                           CCPR1L equ 013h ;# 
   293  0013                     # 577 "C:\Program Files (x86)\Microchip\xc8\v2.00\pic\include\pic12f683.h"
   294                           CCPR1H equ 014h ;# 
   295  0014                     # 584 "C:\Program Files (x86)\Microchip\xc8\v2.00\pic\include\pic12f683.h"
   296                           CCP1CON equ 015h ;# 
   297  0015                     # 648 "C:\Program Files (x86)\Microchip\xc8\v2.00\pic\include\pic12f683.h"
   298                           WDTCON equ 018h ;# 
   299  0018                     # 701 "C:\Program Files (x86)\Microchip\xc8\v2.00\pic\include\pic12f683.h"
   300                           CMCON0 equ 019h ;# 
   301  0019                     # 760 "C:\Program Files (x86)\Microchip\xc8\v2.00\pic\include\pic12f683.h"
   302                           CMCON1 equ 01Ah ;# 
   303  001A                     # 786 "C:\Program Files (x86)\Microchip\xc8\v2.00\pic\include\pic12f683.h"
   304                           ADRESH equ 01Eh ;# 
   305  001E                     # 793 "C:\Program Files (x86)\Microchip\xc8\v2.00\pic\include\pic12f683.h"
   306                           ADCON0 equ 01Fh ;# 
   307  001F                     # 883 "C:\Program Files (x86)\Microchip\xc8\v2.00\pic\include\pic12f683.h"
   308                           OPTION_REG equ 081h ;# 
   309  0081                     # 953 "C:\Program Files (x86)\Microchip\xc8\v2.00\pic\include\pic12f683.h"
   310                           TRISIO equ 085h ;# 
   311  0085                     # 1003 "C:\Program Files (x86)\Microchip\xc8\v2.00\pic\include\pic12f683.h"
   312                           PIE1 equ 08Ch ;# 
   313  008C                     # 1074 "C:\Program Files (x86)\Microchip\xc8\v2.00\pic\include\pic12f683.h"
   314                           PCON equ 08Eh ;# 
   315  008E                     # 1113 "C:\Program Files (x86)\Microchip\xc8\v2.00\pic\include\pic12f683.h"
   316                           OSCCON equ 08Fh ;# 
   317  008F                     # 1178 "C:\Program Files (x86)\Microchip\xc8\v2.00\pic\include\pic12f683.h"
   318                           OSCTUNE equ 090h ;# 
   319  0090                     # 1230 "C:\Program Files (x86)\Microchip\xc8\v2.00\pic\include\pic12f683.h"
   320                           PR2 equ 092h ;# 
   321  0092                     # 1237 "C:\Program Files (x86)\Microchip\xc8\v2.00\pic\include\pic12f683.h"
   322                           WPU equ 095h ;# 
   323  0095                     # 1242 "C:\Program Files (x86)\Microchip\xc8\v2.00\pic\include\pic12f683.h"
   324                           WPUA equ 095h ;# 
   325  0095                     # 1391 "C:\Program Files (x86)\Microchip\xc8\v2.00\pic\include\pic12f683.h"
   326                           IOC equ 096h ;# 
   327  0096                     # 1396 "C:\Program Files (x86)\Microchip\xc8\v2.00\pic\include\pic12f683.h"
   328                           IOCA equ 096h ;# 
   329  0096                     # 1565 "C:\Program Files (x86)\Microchip\xc8\v2.00\pic\include\pic12f683.h"
   330                           VRCON equ 099h ;# 
   331  0099                     # 1625 "C:\Program Files (x86)\Microchip\xc8\v2.00\pic\include\pic12f683.h"
   332                           EEDAT equ 09Ah ;# 
   333  009A                     # 1630 "C:\Program Files (x86)\Microchip\xc8\v2.00\pic\include\pic12f683.h"
   334                           EEDATA equ 09Ah ;# 
   335  009A                     # 1663 "C:\Program Files (x86)\Microchip\xc8\v2.00\pic\include\pic12f683.h"
   336                           EEADR equ 09Bh ;# 
   337  009B                     # 1670 "C:\Program Files (x86)\Microchip\xc8\v2.00\pic\include\pic12f683.h"
   338                           EECON1 equ 09Ch ;# 
   339  009C                     # 1708 "C:\Program Files (x86)\Microchip\xc8\v2.00\pic\include\pic12f683.h"
   340                           EECON2 equ 09Dh ;# 
   341  009D                     # 1715 "C:\Program Files (x86)\Microchip\xc8\v2.00\pic\include\pic12f683.h"
   342                           ADRESL equ 09Eh ;# 
   343  009E                     # 1722 "C:\Program Files (x86)\Microchip\xc8\v2.00\pic\include\pic12f683.h"
   344                           ANSEL equ 09Fh ;# 
   345  009F                     # 54 "C:\Program Files (x86)\Microchip\xc8\v2.00\pic\include\pic12f683.h"
   346                           INDF equ 00h ;# 
   347  0000                     # 61 "C:\Program Files (x86)\Microchip\xc8\v2.00\pic\include\pic12f683.h"
   348                           TMR0 equ 01h ;# 
   349  0001                     # 68 "C:\Program Files (x86)\Microchip\xc8\v2.00\pic\include\pic12f683.h"
   350                           PCL equ 02h ;# 
   351  0002                     # 75 "C:\Program Files (x86)\Microchip\xc8\v2.00\pic\include\pic12f683.h"
   352                           STATUS equ 03h ;# 
   353  0003                     # 161 "C:\Program Files (x86)\Microchip\xc8\v2.00\pic\include\pic12f683.h"
   354                           FSR equ 04h ;# 
   355  0004                     # 168 "C:\Program Files (x86)\Microchip\xc8\v2.00\pic\include\pic12f683.h"
   356                           GPIO equ 05h ;# 
   357  0005                     # 218 "C:\Program Files (x86)\Microchip\xc8\v2.00\pic\include\pic12f683.h"
   358                           PCLATH equ 0Ah ;# 
   359  000A                     # 238 "C:\Program Files (x86)\Microchip\xc8\v2.00\pic\include\pic12f683.h"
   360                           INTCON equ 0Bh ;# 
   361  000B                     # 316 "C:\Program Files (x86)\Microchip\xc8\v2.00\pic\include\pic12f683.h"
   362                           PIR1 equ 0Ch ;# 
   363  000C                     # 387 "C:\Program Files (x86)\Microchip\xc8\v2.00\pic\include\pic12f683.h"
   364                           TMR1 equ 0Eh ;# 
   365  000E                     # 394 "C:\Program Files (x86)\Microchip\xc8\v2.00\pic\include\pic12f683.h"
   366                           TMR1L equ 0Eh ;# 
   367  000E                     # 401 "C:\Program Files (x86)\Microchip\xc8\v2.00\pic\include\pic12f683.h"
   368                           TMR1H equ 0Fh ;# 
   369  000F                     # 408 "C:\Program Files (x86)\Microchip\xc8\v2.00\pic\include\pic12f683.h"
   370                           T1CON equ 010h ;# 
   371  0010                     # 485 "C:\Program Files (x86)\Microchip\xc8\v2.00\pic\include\pic12f683.h"
   372                           TMR2 equ 011h ;# 
   373  0011                     # 492 "C:\Program Files (x86)\Microchip\xc8\v2.00\pic\include\pic12f683.h"
   374                           T2CON equ 012h ;# 
   375  0012                     # 563 "C:\Program Files (x86)\Microchip\xc8\v2.00\pic\include\pic12f683.h"
   376                           CCPR1 equ 013h ;# 
   377  0013                     # 570 "C:\Program Files (x86)\Microchip\xc8\v2.00\pic\include\pic12f683.h"
   378                           CCPR1L equ 013h ;# 
   379  0013                     # 577 "C:\Program Files (x86)\Microchip\xc8\v2.00\pic\include\pic12f683.h"
   380                           CCPR1H equ 014h ;# 
   381  0014                     # 584 "C:\Program Files (x86)\Microchip\xc8\v2.00\pic\include\pic12f683.h"
   382                           CCP1CON equ 015h ;# 
   383  0015                     # 648 "C:\Program Files (x86)\Microchip\xc8\v2.00\pic\include\pic12f683.h"
   384                           WDTCON equ 018h ;# 
   385  0018                     # 701 "C:\Program Files (x86)\Microchip\xc8\v2.00\pic\include\pic12f683.h"
   386                           CMCON0 equ 019h ;# 
   387  0019                     # 760 "C:\Program Files (x86)\Microchip\xc8\v2.00\pic\include\pic12f683.h"
   388                           CMCON1 equ 01Ah ;# 
   389  001A                     # 786 "C:\Program Files (x86)\Microchip\xc8\v2.00\pic\include\pic12f683.h"
   390                           ADRESH equ 01Eh ;# 
   391  001E                     # 793 "C:\Program Files (x86)\Microchip\xc8\v2.00\pic\include\pic12f683.h"
   392                           ADCON0 equ 01Fh ;# 
   393  001F                     # 883 "C:\Program Files (x86)\Microchip\xc8\v2.00\pic\include\pic12f683.h"
   394                           OPTION_REG equ 081h ;# 
   395  0081                     # 953 "C:\Program Files (x86)\Microchip\xc8\v2.00\pic\include\pic12f683.h"
   396                           TRISIO equ 085h ;# 
   397  0085                     # 1003 "C:\Program Files (x86)\Microchip\xc8\v2.00\pic\include\pic12f683.h"
   398                           PIE1 equ 08Ch ;# 
   399  008C                     # 1074 "C:\Program Files (x86)\Microchip\xc8\v2.00\pic\include\pic12f683.h"
   400                           PCON equ 08Eh ;# 
   401  008E                     # 1113 "C:\Program Files (x86)\Microchip\xc8\v2.00\pic\include\pic12f683.h"
   402                           OSCCON equ 08Fh ;# 
   403  008F                     # 1178 "C:\Program Files (x86)\Microchip\xc8\v2.00\pic\include\pic12f683.h"
   404                           OSCTUNE equ 090h ;# 
   405  0090                     # 1230 "C:\Program Files (x86)\Microchip\xc8\v2.00\pic\include\pic12f683.h"
   406                           PR2 equ 092h ;# 
   407  0092                     # 1237 "C:\Program Files (x86)\Microchip\xc8\v2.00\pic\include\pic12f683.h"
   408                           WPU equ 095h ;# 
   409  0095                     # 1242 "C:\Program Files (x86)\Microchip\xc8\v2.00\pic\include\pic12f683.h"
   410                           WPUA equ 095h ;# 
   411  0095                     # 1391 "C:\Program Files (x86)\Microchip\xc8\v2.00\pic\include\pic12f683.h"
   412                           IOC equ 096h ;# 
   413  0096                     # 1396 "C:\Program Files (x86)\Microchip\xc8\v2.00\pic\include\pic12f683.h"
   414                           IOCA equ 096h ;# 
   415  0096                     # 1565 "C:\Program Files (x86)\Microchip\xc8\v2.00\pic\include\pic12f683.h"
   416                           VRCON equ 099h ;# 
   417  0099                     # 1625 "C:\Program Files (x86)\Microchip\xc8\v2.00\pic\include\pic12f683.h"
   418                           EEDAT equ 09Ah ;# 
   419  009A                     # 1630 "C:\Program Files (x86)\Microchip\xc8\v2.00\pic\include\pic12f683.h"
   420                           EEDATA equ 09Ah ;# 
   421  009A                     # 1663 "C:\Program Files (x86)\Microchip\xc8\v2.00\pic\include\pic12f683.h"
   422                           EEADR equ 09Bh ;# 
   423  009B                     # 1670 "C:\Program Files (x86)\Microchip\xc8\v2.00\pic\include\pic12f683.h"
   424                           EECON1 equ 09Ch ;# 
   425  009C                     # 1708 "C:\Program Files (x86)\Microchip\xc8\v2.00\pic\include\pic12f683.h"
   426                           EECON2 equ 09Dh ;# 
   427  009D                     # 1715 "C:\Program Files (x86)\Microchip\xc8\v2.00\pic\include\pic12f683.h"
   428                           ADRESL equ 09Eh ;# 
   429  009E                     # 1722 "C:\Program Files (x86)\Microchip\xc8\v2.00\pic\include\pic12f683.h"
   430                           ANSEL equ 09Fh ;# 
   431  009F                     # 54 "C:\Program Files (x86)\Microchip\xc8\v2.00\pic\include\pic12f683.h"
   432                           INDF equ 00h ;# 
   433  0000                     # 61 "C:\Program Files (x86)\Microchip\xc8\v2.00\pic\include\pic12f683.h"
   434                           TMR0 equ 01h ;# 
   435  0001                     # 68 "C:\Program Files (x86)\Microchip\xc8\v2.00\pic\include\pic12f683.h"
   436                           PCL equ 02h ;# 
   437  0002                     # 75 "C:\Program Files (x86)\Microchip\xc8\v2.00\pic\include\pic12f683.h"
   438                           STATUS equ 03h ;# 
   439  0003                     # 161 "C:\Program Files (x86)\Microchip\xc8\v2.00\pic\include\pic12f683.h"
   440                           FSR equ 04h ;# 
   441  0004                     # 168 "C:\Program Files (x86)\Microchip\xc8\v2.00\pic\include\pic12f683.h"
   442                           GPIO equ 05h ;# 
   443  0005                     # 218 "C:\Program Files (x86)\Microchip\xc8\v2.00\pic\include\pic12f683.h"
   444                           PCLATH equ 0Ah ;# 
   445  000A                     # 238 "C:\Program Files (x86)\Microchip\xc8\v2.00\pic\include\pic12f683.h"
   446                           INTCON equ 0Bh ;# 
   447  000B                     # 316 "C:\Program Files (x86)\Microchip\xc8\v2.00\pic\include\pic12f683.h"
   448                           PIR1 equ 0Ch ;# 
   449  000C                     # 387 "C:\Program Files (x86)\Microchip\xc8\v2.00\pic\include\pic12f683.h"
   450                           TMR1 equ 0Eh ;# 
   451  000E                     # 394 "C:\Program Files (x86)\Microchip\xc8\v2.00\pic\include\pic12f683.h"
   452                           TMR1L equ 0Eh ;# 
   453  000E                     # 401 "C:\Program Files (x86)\Microchip\xc8\v2.00\pic\include\pic12f683.h"
   454                           TMR1H equ 0Fh ;# 
   455  000F                     # 408 "C:\Program Files (x86)\Microchip\xc8\v2.00\pic\include\pic12f683.h"
   456                           T1CON equ 010h ;# 
   457  0010                     # 485 "C:\Program Files (x86)\Microchip\xc8\v2.00\pic\include\pic12f683.h"
   458                           TMR2 equ 011h ;# 
   459  0011                     # 492 "C:\Program Files (x86)\Microchip\xc8\v2.00\pic\include\pic12f683.h"
   460                           T2CON equ 012h ;# 
   461  0012                     # 563 "C:\Program Files (x86)\Microchip\xc8\v2.00\pic\include\pic12f683.h"
   462                           CCPR1 equ 013h ;# 
   463  0013                     # 570 "C:\Program Files (x86)\Microchip\xc8\v2.00\pic\include\pic12f683.h"
   464                           CCPR1L equ 013h ;# 
   465  0013                     # 577 "C:\Program Files (x86)\Microchip\xc8\v2.00\pic\include\pic12f683.h"
   466                           CCPR1H equ 014h ;# 
   467  0014                     # 584 "C:\Program Files (x86)\Microchip\xc8\v2.00\pic\include\pic12f683.h"
   468                           CCP1CON equ 015h ;# 
   469  0015                     # 648 "C:\Program Files (x86)\Microchip\xc8\v2.00\pic\include\pic12f683.h"
   470                           WDTCON equ 018h ;# 
   471  0018                     # 701 "C:\Program Files (x86)\Microchip\xc8\v2.00\pic\include\pic12f683.h"
   472                           CMCON0 equ 019h ;# 
   473  0019                     # 760 "C:\Program Files (x86)\Microchip\xc8\v2.00\pic\include\pic12f683.h"
   474                           CMCON1 equ 01Ah ;# 
   475  001A                     # 786 "C:\Program Files (x86)\Microchip\xc8\v2.00\pic\include\pic12f683.h"
   476                           ADRESH equ 01Eh ;# 
   477  001E                     # 793 "C:\Program Files (x86)\Microchip\xc8\v2.00\pic\include\pic12f683.h"
   478                           ADCON0 equ 01Fh ;# 
   479  001F                     # 883 "C:\Program Files (x86)\Microchip\xc8\v2.00\pic\include\pic12f683.h"
   480                           OPTION_REG equ 081h ;# 
   481  0081                     # 953 "C:\Program Files (x86)\Microchip\xc8\v2.00\pic\include\pic12f683.h"
   482                           TRISIO equ 085h ;# 
   483  0085                     # 1003 "C:\Program Files (x86)\Microchip\xc8\v2.00\pic\include\pic12f683.h"
   484                           PIE1 equ 08Ch ;# 
   485  008C                     # 1074 "C:\Program Files (x86)\Microchip\xc8\v2.00\pic\include\pic12f683.h"
   486                           PCON equ 08Eh ;# 
   487  008E                     # 1113 "C:\Program Files (x86)\Microchip\xc8\v2.00\pic\include\pic12f683.h"
   488                           OSCCON equ 08Fh ;# 
   489  008F                     # 1178 "C:\Program Files (x86)\Microchip\xc8\v2.00\pic\include\pic12f683.h"
   490                           OSCTUNE equ 090h ;# 
   491  0090                     # 1230 "C:\Program Files (x86)\Microchip\xc8\v2.00\pic\include\pic12f683.h"
   492                           PR2 equ 092h ;# 
   493  0092                     # 1237 "C:\Program Files (x86)\Microchip\xc8\v2.00\pic\include\pic12f683.h"
   494                           WPU equ 095h ;# 
   495  0095                     # 1242 "C:\Program Files (x86)\Microchip\xc8\v2.00\pic\include\pic12f683.h"
   496                           WPUA equ 095h ;# 
   497  0095                     # 1391 "C:\Program Files (x86)\Microchip\xc8\v2.00\pic\include\pic12f683.h"
   498                           IOC equ 096h ;# 
   499  0096                     # 1396 "C:\Program Files (x86)\Microchip\xc8\v2.00\pic\include\pic12f683.h"
   500                           IOCA equ 096h ;# 
   501  0096                     # 1565 "C:\Program Files (x86)\Microchip\xc8\v2.00\pic\include\pic12f683.h"
   502                           VRCON equ 099h ;# 
   503  0099                     # 1625 "C:\Program Files (x86)\Microchip\xc8\v2.00\pic\include\pic12f683.h"
   504                           EEDAT equ 09Ah ;# 
   505  009A                     # 1630 "C:\Program Files (x86)\Microchip\xc8\v2.00\pic\include\pic12f683.h"
   506                           EEDATA equ 09Ah ;# 
   507  009A                     # 1663 "C:\Program Files (x86)\Microchip\xc8\v2.00\pic\include\pic12f683.h"
   508                           EEADR equ 09Bh ;# 
   509  009B                     # 1670 "C:\Program Files (x86)\Microchip\xc8\v2.00\pic\include\pic12f683.h"
   510                           EECON1 equ 09Ch ;# 
   511  009C                     # 1708 "C:\Program Files (x86)\Microchip\xc8\v2.00\pic\include\pic12f683.h"
   512                           EECON2 equ 09Dh ;# 
   513  009D                     # 1715 "C:\Program Files (x86)\Microchip\xc8\v2.00\pic\include\pic12f683.h"
   514                           ADRESL equ 09Eh ;# 
   515  009E                     # 1722 "C:\Program Files (x86)\Microchip\xc8\v2.00\pic\include\pic12f683.h"
   516                           ANSEL equ 09Fh ;# 
   517  009F                     # 54 "C:\Program Files (x86)\Microchip\xc8\v2.00\pic\include\pic12f683.h"
   518                           INDF equ 00h ;# 
   519  0000                     # 61 "C:\Program Files (x86)\Microchip\xc8\v2.00\pic\include\pic12f683.h"
   520                           TMR0 equ 01h ;# 
   521  0001                     # 68 "C:\Program Files (x86)\Microchip\xc8\v2.00\pic\include\pic12f683.h"
   522                           PCL equ 02h ;# 
   523  0002                     # 75 "C:\Program Files (x86)\Microchip\xc8\v2.00\pic\include\pic12f683.h"
   524                           STATUS equ 03h ;# 
   525  0003                     # 161 "C:\Program Files (x86)\Microchip\xc8\v2.00\pic\include\pic12f683.h"
   526                           FSR equ 04h ;# 
   527  0004                     # 168 "C:\Program Files (x86)\Microchip\xc8\v2.00\pic\include\pic12f683.h"
   528                           GPIO equ 05h ;# 
   529  0005                     # 218 "C:\Program Files (x86)\Microchip\xc8\v2.00\pic\include\pic12f683.h"
   530                           PCLATH equ 0Ah ;# 
   531  000A                     # 238 "C:\Program Files (x86)\Microchip\xc8\v2.00\pic\include\pic12f683.h"
   532                           INTCON equ 0Bh ;# 
   533  000B                     # 316 "C:\Program Files (x86)\Microchip\xc8\v2.00\pic\include\pic12f683.h"
   534                           PIR1 equ 0Ch ;# 
   535  000C                     # 387 "C:\Program Files (x86)\Microchip\xc8\v2.00\pic\include\pic12f683.h"
   536                           TMR1 equ 0Eh ;# 
   537  000E                     # 394 "C:\Program Files (x86)\Microchip\xc8\v2.00\pic\include\pic12f683.h"
   538                           TMR1L equ 0Eh ;# 
   539  000E                     # 401 "C:\Program Files (x86)\Microchip\xc8\v2.00\pic\include\pic12f683.h"
   540                           TMR1H equ 0Fh ;# 
   541  000F                     # 408 "C:\Program Files (x86)\Microchip\xc8\v2.00\pic\include\pic12f683.h"
   542                           T1CON equ 010h ;# 
   543  0010                     # 485 "C:\Program Files (x86)\Microchip\xc8\v2.00\pic\include\pic12f683.h"
   544                           TMR2 equ 011h ;# 
   545  0011                     # 492 "C:\Program Files (x86)\Microchip\xc8\v2.00\pic\include\pic12f683.h"
   546                           T2CON equ 012h ;# 
   547  0012                     # 563 "C:\Program Files (x86)\Microchip\xc8\v2.00\pic\include\pic12f683.h"
   548                           CCPR1 equ 013h ;# 
   549  0013                     # 570 "C:\Program Files (x86)\Microchip\xc8\v2.00\pic\include\pic12f683.h"
   550                           CCPR1L equ 013h ;# 
   551  0013                     # 577 "C:\Program Files (x86)\Microchip\xc8\v2.00\pic\include\pic12f683.h"
   552                           CCPR1H equ 014h ;# 
   553  0014                     # 584 "C:\Program Files (x86)\Microchip\xc8\v2.00\pic\include\pic12f683.h"
   554                           CCP1CON equ 015h ;# 
   555  0015                     # 648 "C:\Program Files (x86)\Microchip\xc8\v2.00\pic\include\pic12f683.h"
   556                           WDTCON equ 018h ;# 
   557  0018                     # 701 "C:\Program Files (x86)\Microchip\xc8\v2.00\pic\include\pic12f683.h"
   558                           CMCON0 equ 019h ;# 
   559  0019                     # 760 "C:\Program Files (x86)\Microchip\xc8\v2.00\pic\include\pic12f683.h"
   560                           CMCON1 equ 01Ah ;# 
   561  001A                     # 786 "C:\Program Files (x86)\Microchip\xc8\v2.00\pic\include\pic12f683.h"
   562                           ADRESH equ 01Eh ;# 
   563  001E                     # 793 "C:\Program Files (x86)\Microchip\xc8\v2.00\pic\include\pic12f683.h"
   564                           ADCON0 equ 01Fh ;# 
   565  001F                     # 883 "C:\Program Files (x86)\Microchip\xc8\v2.00\pic\include\pic12f683.h"
   566                           OPTION_REG equ 081h ;# 
   567  0081                     # 953 "C:\Program Files (x86)\Microchip\xc8\v2.00\pic\include\pic12f683.h"
   568                           TRISIO equ 085h ;# 
   569  0085                     # 1003 "C:\Program Files (x86)\Microchip\xc8\v2.00\pic\include\pic12f683.h"
   570                           PIE1 equ 08Ch ;# 
   571  008C                     # 1074 "C:\Program Files (x86)\Microchip\xc8\v2.00\pic\include\pic12f683.h"
   572                           PCON equ 08Eh ;# 
   573  008E                     # 1113 "C:\Program Files (x86)\Microchip\xc8\v2.00\pic\include\pic12f683.h"
   574                           OSCCON equ 08Fh ;# 
   575  008F                     # 1178 "C:\Program Files (x86)\Microchip\xc8\v2.00\pic\include\pic12f683.h"
   576                           OSCTUNE equ 090h ;# 
   577  0090                     # 1230 "C:\Program Files (x86)\Microchip\xc8\v2.00\pic\include\pic12f683.h"
   578                           PR2 equ 092h ;# 
   579  0092                     # 1237 "C:\Program Files (x86)\Microchip\xc8\v2.00\pic\include\pic12f683.h"
   580                           WPU equ 095h ;# 
   581  0095                     # 1242 "C:\Program Files (x86)\Microchip\xc8\v2.00\pic\include\pic12f683.h"
   582                           WPUA equ 095h ;# 
   583  0095                     # 1391 "C:\Program Files (x86)\Microchip\xc8\v2.00\pic\include\pic12f683.h"
   584                           IOC equ 096h ;# 
   585  0096                     # 1396 "C:\Program Files (x86)\Microchip\xc8\v2.00\pic\include\pic12f683.h"
   586                           IOCA equ 096h ;# 
   587  0096                     # 1565 "C:\Program Files (x86)\Microchip\xc8\v2.00\pic\include\pic12f683.h"
   588                           VRCON equ 099h ;# 
   589  0099                     # 1625 "C:\Program Files (x86)\Microchip\xc8\v2.00\pic\include\pic12f683.h"
   590                           EEDAT equ 09Ah ;# 
   591  009A                     # 1630 "C:\Program Files (x86)\Microchip\xc8\v2.00\pic\include\pic12f683.h"
   592                           EEDATA equ 09Ah ;# 
   593  009A                     # 1663 "C:\Program Files (x86)\Microchip\xc8\v2.00\pic\include\pic12f683.h"
   594                           EEADR equ 09Bh ;# 
   595  009B                     # 1670 "C:\Program Files (x86)\Microchip\xc8\v2.00\pic\include\pic12f683.h"
   596                           EECON1 equ 09Ch ;# 
   597  009C                     # 1708 "C:\Program Files (x86)\Microchip\xc8\v2.00\pic\include\pic12f683.h"
   598                           EECON2 equ 09Dh ;# 
   599  009D                     # 1715 "C:\Program Files (x86)\Microchip\xc8\v2.00\pic\include\pic12f683.h"
   600                           ADRESL equ 09Eh ;# 
   601  009E                     # 1722 "C:\Program Files (x86)\Microchip\xc8\v2.00\pic\include\pic12f683.h"
   602                           ANSEL equ 09Fh ;# 
   603  009F                     	FNCALL	_main,_ConfigureOscillator
   604                           	FNCALL	_main,_InitApp
   605                           	FNROOT	_main
   606                           	FNCALL	intlevel1,_isr
   607                           	global	intlevel1
   608                           	FNROOT	intlevel1
   609                           	global	_GP0
   610                           _GP0	set	0x28
   611  0028                     	global	_TRISIO
   612                           _TRISIO	set	0x85
   613  0085                     	global	_OSCCON
   614                           _OSCCON	set	0x8F
   615  008F                     ; #config settings
   616                           global __CFG_FOSC$INTOSCIO
   617                           __CFG_FOSC$INTOSCIO equ 0x0
   618  0000                     global __CFG_WDTE$OFF
   619                           __CFG_WDTE$OFF equ 0x0
   620  0000                     global __CFG_PWRTE$OFF
   621                           __CFG_PWRTE$OFF equ 0x0
   622  0000                     global __CFG_MCLRE$ON
   623                           __CFG_MCLRE$ON equ 0x0
   624  0000                     global __CFG_CP$OFF
   625                           __CFG_CP$OFF equ 0x0
   626  0000                     global __CFG_CPD$OFF
   627                           __CFG_CPD$OFF equ 0x0
   628  0000                     global __CFG_BOREN$ON
   629                           __CFG_BOREN$ON equ 0x0
   630  0000                     global __CFG_IESO$ON
   631                           __CFG_IESO$ON equ 0x0
   632  0000                     global __CFG_FCMEN$ON
   633                           __CFG_FCMEN$ON equ 0x0
   634  0000                     	file	"C:\Users\Abhinav\AppData\Local\Temp\s15us."
   635                           	line	#
   636                           psect cinit,class=CODE,delta=2
   637                           global start_initialization
   638                           start_initialization:
   639  000B                     
   640                           global __initialization
   641                           __initialization:
   642  000B                     psect cinit,class=CODE,delta=2,merge=1
   643                           global end_of_initialization,__end_of__initialization
   644                           
   645                           ;End of C runtime variable initialization code
   646                           
   647                           end_of_initialization:
   648  000B                     __end_of__initialization:
   649  000B                     clrf status
   650  000B  0183               ljmp _main	;jump to C main() function
   651  000C  280D               psect	cstackCOMMON,class=COMMON,space=1,noexec
   652                           global __pcstackCOMMON
   653                           __pcstackCOMMON:
   654  0070                     ?_ConfigureOscillator:	; 1 bytes @ 0x0
   655  0070                     ?_InitApp:	; 1 bytes @ 0x0
   656  0070                     ?_isr:	; 1 bytes @ 0x0
   657  0070                     ??_isr:	; 1 bytes @ 0x0
   658  0070                     ?_main:	; 1 bytes @ 0x0
   659  0070                     	ds	2
   660  0070                     ??_ConfigureOscillator:	; 1 bytes @ 0x2
   661  0072                     ??_InitApp:	; 1 bytes @ 0x2
   662  0072                     ??_main:	; 1 bytes @ 0x2
   663  0072                     	ds	3
   664  0072                     ;!
   665                           ;!Data Sizes:
   666                           ;!    Strings     0
   667                           ;!    Constant    0
   668                           ;!    Data        0
   669                           ;!    BSS         0
   670                           ;!    Persistent  0
   671                           ;!    Stack       0
   672                           ;!
   673                           ;!Auto Spaces:
   674                           ;!    Space          Size  Autos    Used
   675                           ;!    COMMON           14      5       5
   676                           ;!    BANK0            80      0       0
   677                           ;!    BANK1            32      0       0
   678                           
   679                           ;!
   680                           ;!Pointer List with Targets:
   681                           ;!
   682                           ;!    None.
   683                           
   684                           
   685                           ;!
   686                           ;!Critical Paths under _main in COMMON
   687                           ;!
   688                           ;!    None.
   689                           ;!
   690                           ;!Critical Paths under _isr in COMMON
   691                           ;!
   692                           ;!    None.
   693                           ;!
   694                           ;!Critical Paths under _main in BANK0
   695                           ;!
   696                           ;!    None.
   697                           ;!
   698                           ;!Critical Paths under _isr in BANK0
   699                           ;!
   700                           ;!    None.
   701                           ;!
   702                           ;!Critical Paths under _main in BANK1
   703                           ;!
   704                           ;!    None.
   705                           ;!
   706                           ;!Critical Paths under _isr in BANK1
   707                           ;!
   708                           ;!    None.
   709                           
   710 ;;
   711 ;;Main: autosize = 0, tempsize = 3, incstack = 0, save=0
   712 ;;
   713                           
   714                           ;!
   715                           ;!Call Graph Tables:
   716                           ;!
   717                           ;! ---------------------------------------------------------------------------------
   718                           ;! (Depth) Function   	        Calls       Base Space   Used Autos Params    Refs
   719                           ;! ---------------------------------------------------------------------------------
   720                           ;! (0) _main                                                 5     5      0       0
   721                           ;!                                              2 COMMON     3     3      0
   722                           ;!                _ConfigureOscillator
   723                           ;!                            _InitApp
   724                           ;! ---------------------------------------------------------------------------------
   725                           ;! (1) _InitApp                                              0     0      0       0
   726                           ;! ---------------------------------------------------------------------------------
   727                           ;! (1) _ConfigureOscillator                                  0     0      0       0
   728                           ;! ---------------------------------------------------------------------------------
   729                           ;! Estimated maximum stack depth 1
   730                           ;! ---------------------------------------------------------------------------------
   731                           ;! (Depth) Function   	        Calls       Base Space   Used Autos Params    Refs
   732                           ;! ---------------------------------------------------------------------------------
   733                           ;! (2) _isr                                                  2     2      0       0
   734                           ;!                                              0 COMMON     2     2      0
   735                           ;! ---------------------------------------------------------------------------------
   736                           ;! Estimated maximum stack depth 2
   737                           ;! ---------------------------------------------------------------------------------
   738                           ;!
   739                           ;! Call Graph Graphs:
   740                           ;!
   741                           ;! _main (ROOT)
   742                           ;!   _ConfigureOscillator
   743                           ;!   _InitApp
   744                           ;!
   745                           ;! _isr (ROOT)
   746                           ;!
   747                           
   748                           ;! Address spaces:
   749                           
   750                           ;!Name               Size   Autos  Total    Cost      Usage
   751                           ;!BITCOMMON            E      0       0       0        0.0%
   752                           ;!EEDATA             100      0       0       0        0.0%
   753                           ;!NULL                 0      0       0       0        0.0%
   754                           ;!CODE                 0      0       0       0        0.0%
   755                           ;!COMMON               E      5       5       1       35.7%
   756                           ;!BITSFR0              0      0       0       1        0.0%
   757                           ;!SFR0                 0      0       0       1        0.0%
   758                           ;!BITSFR1              0      0       0       2        0.0%
   759                           ;!SFR1                 0      0       0       2        0.0%
   760                           ;!STACK                0      0       0       2        0.0%
   761                           ;!BITBANK0            50      0       0       3        0.0%
   762                           ;!BANK0               50      0       0       4        0.0%
   763                           ;!BANK1               20      0       0       5        0.0%
   764                           ;!ABS                  0      0       0       6        0.0%
   765                           ;!BITBANK1            20      0       0       7        0.0%
   766                           ;!DATA                 0      0       0       8        0.0%
   767                           
   768                           	global	_main
   769                           
   770 ;; *************** function _main *****************
   771 ;; Defined at:
   772 ;;		line 27 in file "main.c"
   773 ;; Parameters:    Size  Location     Type
   774 ;;		None
   775 ;; Auto vars:     Size  Location     Type
   776 ;;  i               2    0        int 
   777 ;; Return value:  Size  Location     Type
   778 ;;                  1    wreg      void 
   779 ;; Registers used:
   780 ;;		wreg, status,2, status,0, pclath, cstack
   781 ;; Tracked objects:
   782 ;;		On entry : B00/0
   783 ;;		On exit  : 0/0
   784 ;;		Unchanged: 0/0
   785 ;; Data sizes:     COMMON   BANK0   BANK1
   786 ;;      Params:         0       0       0
   787 ;;      Locals:         0       0       0
   788 ;;      Temps:          3       0       0
   789 ;;      Totals:         3       0       0
   790 ;;Total ram usage:        3 bytes
   791 ;; Hardware stack levels required when called:    2
   792 ;; This function calls:
   793 ;;		_ConfigureOscillator
   794 ;;		_InitApp
   795 ;; This function is called by:
   796 ;;		Startup code after reset
   797 ;; This function uses a non-reentrant model
   798 ;;
   799                           psect	maintext,global,class=CODE,delta=2,split=1,group=0
   800                           	file	"main.c"
   801                           	line	27
   802                           global __pmaintext
   803                           __pmaintext:	;psect for function _main
   804  000D                     psect	maintext
   805                           	file	"main.c"
   806                           	line	27
   807                           	global	__size_of_main
   808                           	__size_of_main	equ	__end_of_main-_main
   809  0024                     	
   810                           _main:	
   811  000D                     ;incstack = 0
   812                           	opt	stack 6
   813                           ; Regs used in _main: [wreg+status,2+status,0+pclath+cstack]
   814                           	line	31
   815                           	
   816                           l608:	
   817  000D                     ;main.c: 29: int i;;main.c: 31: ConfigureOscillator();
   818                           	fcall	_ConfigureOscillator
   819  000D  2038               	line	34
   820                           	
   821                           l610:	
   822  000E                     ;main.c: 34: InitApp();
   823                           	fcall	_InitApp
   824  000E  203C               	goto	l612
   825  000F  2810               	line	37
   826                           ;main.c: 37: while(1)
   827                           	
   828                           l18:	
   829  0010                     	line	39
   830                           	
   831                           l612:	
   832  0010                     ;main.c: 38: {;main.c: 39: GP0 = 0;
   833                           	bcf	status, 5	;RP0=0, select bank0
   834  0010  1283               	bcf	(40/8),(40)&7	;volatile
   835  0011  1005               	line	40
   836                           ;main.c: 40: _delay((unsigned long)((500)*(8000000/4000.0)));
   837                           	opt asmopt_push
   838                           opt asmopt_off
   839                           movlw  6
   840  0012  3006               movwf	((??_main+0)+0+2),f
   841  0013  00F4               movlw	19
   842  0014  3013               movwf	((??_main+0)+0+1),f
   843  0015  00F3               	movlw	173
   844  0016  30AD               movwf	((??_main+0)+0),f
   845  0017  00F2               	u17:
   846  0018                     decfsz	((??_main+0)+0),f
   847  0018  0BF2               	goto	u17
   848  0019  2818               	decfsz	((??_main+0)+0+1),f
   849  001A  0BF3               	goto	u17
   850  001B  2818               	decfsz	((??_main+0)+0+2),f
   851  001C  0BF4               	goto	u17
   852  001D  2818               	nop2
   853  001E  281F               opt asmopt_pop
   854                           
   855                           	line	41
   856                           	
   857                           l614:	
   858  001F                     ;main.c: 41: GP0 = 1;
   859                           	bcf	status, 5	;RP0=0, select bank0
   860  001F  1283               	bsf	(40/8),(40)&7	;volatile
   861  0020  1405               	line	42
   862                           ;main.c: 42: _delay((unsigned long)((500)*(8000000/4000.0)));
   863                           	opt asmopt_push
   864                           opt asmopt_off
   865                           movlw  6
   866  0021  3006               movwf	((??_main+0)+0+2),f
   867  0022  00F4               movlw	19
   868  0023  3013               movwf	((??_main+0)+0+1),f
   869  0024  00F3               	movlw	173
   870  0025  30AD               movwf	((??_main+0)+0),f
   871  0026  00F2               	u27:
   872  0027                     decfsz	((??_main+0)+0),f
   873  0027  0BF2               	goto	u27
   874  0028  2827               	decfsz	((??_main+0)+0+1),f
   875  0029  0BF3               	goto	u27
   876  002A  2827               	decfsz	((??_main+0)+0+2),f
   877  002B  0BF4               	goto	u27
   878  002C  2827               	nop2
   879  002D  282E               opt asmopt_pop
   880                           
   881                           	goto	l612
   882  002E  2810               	line	43
   883                           	
   884                           l19:	
   885  002F                     	line	37
   886                           	goto	l612
   887  002F  2810               	
   888                           l20:	
   889  0030                     	line	45
   890                           	
   891                           l21:	
   892  0030                     	global	start
   893                           	ljmp	start
   894  0030  280A               	opt stack 0
   895                           GLOBAL	__end_of_main
   896                           	__end_of_main:
   897  0031                     	signat	_main,89
   898                           	global	_InitApp
   899                           
   900 ;; *************** function _InitApp *****************
   901 ;; Defined at:
   902 ;;		line 22 in file "user.c"
   903 ;; Parameters:    Size  Location     Type
   904 ;;		None
   905 ;; Auto vars:     Size  Location     Type
   906 ;;		None
   907 ;; Return value:  Size  Location     Type
   908 ;;                  1    wreg      void 
   909 ;; Registers used:
   910 ;;		status,2
   911 ;; Tracked objects:
   912 ;;		On entry : 0/0
   913 ;;		On exit  : 0/0
   914 ;;		Unchanged: 0/0
   915 ;; Data sizes:     COMMON   BANK0   BANK1
   916 ;;      Params:         0       0       0
   917 ;;      Locals:         0       0       0
   918 ;;      Temps:          0       0       0
   919 ;;      Totals:         0       0       0
   920 ;;Total ram usage:        0 bytes
   921 ;; Hardware stack levels used:    1
   922 ;; Hardware stack levels required when called:    1
   923 ;; This function calls:
   924 ;;		Nothing
   925 ;; This function is called by:
   926 ;;		_main
   927 ;; This function uses a non-reentrant model
   928 ;;
   929                           psect	text1,local,class=CODE,delta=2,merge=1,group=0
   930                           	file	"user.c"
   931                           	line	22
   932                           global __ptext1
   933                           __ptext1:	;psect for function _InitApp
   934  003C                     psect	text1
   935                           	file	"user.c"
   936                           	line	22
   937                           	global	__size_of_InitApp
   938                           	__size_of_InitApp	equ	__end_of_InitApp-_InitApp
   939  0003                     	
   940                           _InitApp:	
   941  003C                     ;incstack = 0
   942                           	opt	stack 6
   943                           ; Regs used in _InitApp: [status,2]
   944                           	line	25
   945                           	
   946                           l606:	
   947  003C                     ;user.c: 25: TRISIO = 0;
   948                           	bsf	status, 5	;RP0=1, select bank1
   949  003C  1683               	clrf	(133)^080h	;volatile
   950  003D  0185               	line	32
   951                           	
   952                           l31:	
   953  003E                     	return
   954  003E  0008               	opt stack 0
   955                           GLOBAL	__end_of_InitApp
   956                           	__end_of_InitApp:
   957  003F                     	signat	_InitApp,89
   958                           	global	_ConfigureOscillator
   959                           
   960 ;; *************** function _ConfigureOscillator *****************
   961 ;; Defined at:
   962 ;;		line 18 in file "system.c"
   963 ;; Parameters:    Size  Location     Type
   964 ;;		None
   965 ;; Auto vars:     Size  Location     Type
   966 ;;		None
   967 ;; Return value:  Size  Location     Type
   968 ;;                  1    wreg      void 
   969 ;; Registers used:
   970 ;;		wreg
   971 ;; Tracked objects:
   972 ;;		On entry : 0/0
   973 ;;		On exit  : 0/0
   974 ;;		Unchanged: 0/0
   975 ;; Data sizes:     COMMON   BANK0   BANK1
   976 ;;      Params:         0       0       0
   977 ;;      Locals:         0       0       0
   978 ;;      Temps:          0       0       0
   979 ;;      Totals:         0       0       0
   980 ;;Total ram usage:        0 bytes
   981 ;; Hardware stack levels used:    1
   982 ;; Hardware stack levels required when called:    1
   983 ;; This function calls:
   984 ;;		Nothing
   985 ;; This function is called by:
   986 ;;		_main
   987 ;; This function uses a non-reentrant model
   988 ;;
   989                           psect	text2,local,class=CODE,delta=2,merge=1,group=0
   990                           	file	"system.c"
   991                           	line	18
   992                           global __ptext2
   993                           __ptext2:	;psect for function _ConfigureOscillator
   994  0038                     psect	text2
   995                           	file	"system.c"
   996                           	line	18
   997                           	global	__size_of_ConfigureOscillator
   998                           	__size_of_ConfigureOscillator	equ	__end_of_ConfigureOscillator-_ConfigureOscillator
   999  0004                     	
  1000                           _ConfigureOscillator:	
  1001  0038                     ;incstack = 0
  1002                           	opt	stack 6
  1003                           ; Regs used in _ConfigureOscillator: [wreg]
  1004                           	line	27
  1005                           	
  1006                           l604:	
  1007  0038                     ;system.c: 27: OSCCON = 0b01110001;
  1008                           	movlw	low(071h)
  1009  0038  3071               	bsf	status, 5	;RP0=1, select bank1
  1010  0039  1683               	movwf	(143)^080h	;volatile
  1011  003A  008F               	line	28
  1012                           	
  1013                           l26:	
  1014  003B                     	return
  1015  003B  0008               	opt stack 0
  1016                           GLOBAL	__end_of_ConfigureOscillator
  1017                           	__end_of_ConfigureOscillator:
  1018  003C                     	signat	_ConfigureOscillator,89
  1019                           	global	_isr
  1020                           
  1021 ;; *************** function _isr *****************
  1022 ;; Defined at:
  1023 ;;		line 23 in file "interrupts.c"
  1024 ;; Parameters:    Size  Location     Type
  1025 ;;		None
  1026 ;; Auto vars:     Size  Location     Type
  1027 ;;		None
  1028 ;; Return value:  Size  Location     Type
  1029 ;;                  1    wreg      void 
  1030 ;; Registers used:
  1031 ;;		None
  1032 ;; Tracked objects:
  1033 ;;		On entry : 0/0
  1034 ;;		On exit  : 0/0
  1035 ;;		Unchanged: 0/0
  1036 ;; Data sizes:     COMMON   BANK0   BANK1
  1037 ;;      Params:         0       0       0
  1038 ;;      Locals:         0       0       0
  1039 ;;      Temps:          2       0       0
  1040 ;;      Totals:         2       0       0
  1041 ;;Total ram usage:        2 bytes
  1042 ;; Hardware stack levels used:    1
  1043 ;; This function calls:
  1044 ;;		Nothing
  1045 ;; This function is called by:
  1046 ;;		Interrupt level 1
  1047 ;; This function uses a non-reentrant model
  1048 ;;
  1049                           psect	text3,local,class=CODE,delta=2,merge=1,group=0
  1050                           	file	"interrupts.c"
  1051                           	line	23
  1052                           global __ptext3
  1053                           __ptext3:	;psect for function _isr
  1054  0031                     psect	text3
  1055                           	file	"interrupts.c"
  1056                           	line	23
  1057                           	global	__size_of_isr
  1058                           	__size_of_isr	equ	__end_of_isr-_isr
  1059  0007                     	
  1060                           _isr:	
  1061  0031                     ;incstack = 0
  1062                           	opt	stack 6
  1063                           ; Regs used in _isr: []
  1064                           psect	intentry,class=CODE,delta=2
  1065                           global __pintentry
  1066                           __pintentry:
  1067  0004                     global interrupt_function
  1068                           interrupt_function:
  1069  0004                     	global saved_w
  1070                           	saved_w	set	btemp+0
  1071  007E                     	movwf	saved_w
  1072  0004  00FE               	swapf	status,w
  1073  0005  0E03               	movwf	(??_isr+0)
  1074  0006  00F0               	movf	pclath,w
  1075  0007  080A               	movwf	(??_isr+1)
  1076  0008  00F1               	ljmp	_isr
  1077  0009  2831               psect	text3
  1078                           	line	50
  1079                           	
  1080                           i1l5:	
  1081  0031                     	movf	(??_isr+1),w
  1082  0031  0871               	movwf	pclath
  1083  0032  008A               	swapf	(??_isr+0)^0FFFFFF80h,w
  1084  0033  0E70               	movwf	status
  1085  0034  0083               	swapf	saved_w,f
  1086  0035  0EFE               	swapf	saved_w,w
  1087  0036  0E7E               	retfie
  1088  0037  0009               	opt stack 0
  1089                           GLOBAL	__end_of_isr
  1090                           	__end_of_isr:
  1091  0038                     	signat	_isr,89
  1092                           global	___latbits
  1093                           ___latbits	equ	0
  1094  0000                     	global	btemp
  1095                           	btemp set 07Eh
  1096  007E                     
  1097                           	DABS	1,126,2	;btemp
  1098                           	global	wtemp0
  1099                           	wtemp0 set btemp+0
  1100  007E                     	end


Data Sizes:
    Strings     0
    Constant    0
    Data        0
    BSS         0
    Persistent  0
    Stack       0

Auto Spaces:
    Space          Size  Autos    Used
    COMMON           14      5       5
    BANK0            80      0       0
    BANK1            32      0       0

Pointer List with Targets:

    None.

Critical Paths under _main in COMMON

    None.

Critical Paths under _isr in COMMON

    None.

Critical Paths under _main in BANK0

    None.

Critical Paths under _isr in BANK0

    None.

Critical Paths under _main in BANK1

    None.

Critical Paths under _isr in BANK1

    None.

Call Graph Tables:

 ---------------------------------------------------------------------------------
 (Depth) Function   	        Calls       Base Space   Used Autos Params    Refs
 ---------------------------------------------------------------------------------
 (0) _main                                                 5     5      0       0
                                              2 COMMON     3     3      0
                _ConfigureOscillator
                            _InitApp
 ---------------------------------------------------------------------------------
 (1) _InitApp                                              0     0      0       0
 ---------------------------------------------------------------------------------
 (1) _ConfigureOscillator                                  0     0      0       0
 ---------------------------------------------------------------------------------
 Estimated maximum stack depth 1
 ---------------------------------------------------------------------------------
 (Depth) Function   	        Calls       Base Space   Used Autos Params    Refs
 ---------------------------------------------------------------------------------
 (2) _isr                                                  2     2      0       0
                                              0 COMMON     2     2      0
 ---------------------------------------------------------------------------------
 Estimated maximum stack depth 2
 ---------------------------------------------------------------------------------

 Call Graph Graphs:

 _main (ROOT)
   _ConfigureOscillator
   _InitApp

 _isr (ROOT)

 Address spaces:
Name               Size   Autos  Total    Cost      Usage
BITCOMMON            E      0       0       0        0.0%
EEDATA             100      0       0       0        0.0%
NULL                 0      0       0       0        0.0%
CODE                 0      0       0       0        0.0%
COMMON               E      5       5       1       35.7%
BITSFR0              0      0       0       1        0.0%
SFR0                 0      0       0       1        0.0%
BITSFR1              0      0       0       2        0.0%
SFR1                 0      0       0       2        0.0%
STACK                0      0       0       2        0.0%
BITBANK0            50      0       0       3        0.0%
BANK0               50      0       0       4        0.0%
BANK1               20      0       0       5        0.0%
ABS                  0      0       0       6        0.0%
BITBANK1            20      0       0       7        0.0%
DATA                 0      0       0       8        0.0%


Microchip Technology PIC Macro Assembler V2.00 build -1524193055 
Symbol Table                                                                                   Sat Sep 22 18:35:17 2018

                 __CFG_CP$OFF 0000                            l20 0030                            l21 0030  
                          l31 003E                            l26 003B                            l18 0010  
                          l19 002F                            u17 0018                            u27 0027  
                         l610 000E                           l604 0038                           l612 0010  
                         l606 003C                           l614 001F                           l608 000D  
                         _GP0 0028                  __CFG_CPD$OFF 0000                           i1l5 0031  
                         _isr 0031                  __CFG_IESO$ON 0000                          ?_isr 0070  
               __CFG_FCMEN$ON 0000                          _main 000D                          btemp 007E  
               __CFG_BOREN$ON 0000                          start 000A                 __CFG_MCLRE$ON 0000  
             __end_of_InitApp 003F                         ??_isr 0070                         ?_main 0070  
               __CFG_WDTE$OFF 0000           _ConfigureOscillator 0038                         pclath 000A  
                       status 0003                         wtemp0 007E          ?_ConfigureOscillator 0070  
             __initialization 000B                  __end_of_main 0031                        ??_main 0072  
                      _OSCCON 008F                        _TRISIO 0085                     ??_InitApp 0072  
       ??_ConfigureOscillator 0072                __CFG_PWRTE$OFF 0000                        saved_w 007E  
     __end_of__initialization 000B                __pcstackCOMMON 0070                    __pmaintext 000D  
                  __pintentry 0004                       _InitApp 003C                       __ptext1 003C  
                     __ptext2 0038                       __ptext3 0031                  __size_of_isr 0007  
        end_of_initialization 000B   __end_of_ConfigureOscillator 003C           start_initialization 000B  
                 __end_of_isr 0038                     ___latbits 0000                      ?_InitApp 0070  
           interrupt_function 0004              __size_of_InitApp 0003                 __size_of_main 0024  
__size_of_ConfigureOscillator 0004                      intlevel1 0000            __CFG_FOSC$INTOSCIO 0000  
